<?xml version="1.0" encoding="UTF-8"?>
<!-- Generated by org.testng.reporters.JUnitReportReporter -->
<testsuite hostname="SPASI-X250" failures="0" tests="4" name="CrudOperations" time="6.837" errors="0" timestamp="2020-08-10T22:42:38 IST" skipped="0">
  <testcase classname="CrudOperations" name="validateDeleteRequest" time="0.759"/>
  <system-out/>
  <testcase classname="CrudOperations" name="ValidateGetRequest" time="4.545"/>
  <system-out/>
  <testcase classname="CrudOperations" name="validatePostRequest" time="0.783"/>
  <system-out/>
  <testcase classname="CrudOperations" name="validatePutRequest" time="0.750"/>
  <system-out/>
</testsuite> <!-- CrudOperations -->
