<?xml version="1.0" encoding="UTF-8"?>
<!-- Generated by org.testng.reporters.JUnitReportReporter -->
<testsuite hostname="SPASI-X250" failures="0" tests="1" name="Trial" time="4.114" errors="0" timestamp="2020-08-06T21:26:39 IST" skipped="0">
  <testcase classname="Trial" name="getCallFor2008" time="4.114"/>
  <system-out/>
</testsuite> <!-- Trial -->
