<?xml version="1.0" encoding="UTF-8"?>
<!-- Generated by org.testng.reporters.JUnitReportReporter -->
<testsuite hostname="SPASI-X250" failures="0" tests="6" name="BasicValidation" time="8.297" errors="0" timestamp="2020-08-07T17:25:45 IST" skipped="0">
  <testcase classname="BasicValidation" name="statusCodeLine" time="1.155"/>
  <system-out/>
  <testcase classname="BasicValidation" name="headersValidation" time="3.714"/>
  <system-out/>
  <testcase classname="BasicValidation" name="md5JsonTest" time="1.488"/>
  <system-out/>
  <testcase classname="BasicValidation" name="md5JsonTest" time="0.400"/>
  <system-out/>
  <testcase classname="BasicValidation" name="md5JsonTest" time="0.387"/>
  <system-out/>
  <testcase classname="BasicValidation" name="statusCodeValidation" time="1.153"/>
  <system-out/>
</testsuite> <!-- BasicValidation -->
